{"C:\\mooc\\Osa5\\src\\App.js": {"path":"C:\\mooc\\Osa5\\src\\App.js","statementMap":{"0":{"start":{"line":13,"column":8},"end":{"line":13,"column":20}},"1":{"start":{"line":14,"column":8},"end":{"line":20,"column":9}},"2":{"start":{"line":24,"column":31},"end":{"line":24,"column":79}},"3":{"start":{"line":25,"column":8},"end":{"line":30,"column":9}},"4":{"start":{"line":26,"column":31},"end":{"line":26,"column":57}},"5":{"start":{"line":27,"column":12},"end":{"line":27,"column":53}},"6":{"start":{"line":28,"column":12},"end":{"line":28,"column":45}},"7":{"start":{"line":29,"column":12},"end":{"line":29,"column":50}},"8":{"start":{"line":31,"column":8},"end":{"line":35,"column":10}},"9":{"start":{"line":32,"column":12},"end":{"line":32,"column":42}},"10":{"start":{"line":33,"column":12},"end":{"line":33,"column":41}},"11":{"start":{"line":34,"column":12},"end":{"line":34,"column":54}},"12":{"start":{"line":39,"column":8},"end":{"line":39,"column":65}},"13":{"start":{"line":43,"column":8},"end":{"line":43,"column":30}},"14":{"start":{"line":44,"column":8},"end":{"line":44,"column":80}},"15":{"start":{"line":45,"column":8},"end":{"line":62,"column":9}},"16":{"start":{"line":46,"column":25},"end":{"line":49,"column":14}},"17":{"start":{"line":50,"column":12},"end":{"line":50,"column":61}},"18":{"start":{"line":51,"column":12},"end":{"line":51,"column":44}},"19":{"start":{"line":52,"column":12},"end":{"line":52,"column":82}},"20":{"start":{"line":53,"column":12},"end":{"line":53,"column":49}},"21":{"start":{"line":54,"column":37},"end":{"line":54,"column":85}},"22":{"start":{"line":55,"column":12},"end":{"line":55,"column":71}},"23":{"start":{"line":57,"column":12},"end":{"line":57,"column":59}},"24":{"start":{"line":58,"column":12},"end":{"line":58,"column":78}},"25":{"start":{"line":59,"column":12},"end":{"line":61,"column":20}},"26":{"start":{"line":60,"column":16},"end":{"line":60,"column":46}},"27":{"start":{"line":68,"column":8},"end":{"line":68,"column":30}},"28":{"start":{"line":69,"column":8},"end":{"line":69,"column":56}},"29":{"start":{"line":70,"column":8},"end":{"line":70,"column":59}},"30":{"start":{"line":71,"column":8},"end":{"line":71,"column":35}},"31":{"start":{"line":76,"column":8},"end":{"line":76,"column":44}},"32":{"start":{"line":77,"column":29},"end":{"line":77,"column":62}},"33":{"start":{"line":78,"column":30},"end":{"line":78,"column":67}},"34":{"start":{"line":79,"column":8},"end":{"line":79,"column":45}},"35":{"start":{"line":83,"column":8},"end":{"line":83,"column":56}},"36":{"start":{"line":84,"column":27},"end":{"line":84,"column":54}},"37":{"start":{"line":85,"column":8},"end":{"line":85,"column":40}},"38":{"start":{"line":86,"column":8},"end":{"line":86,"column":46}},"39":{"start":{"line":87,"column":29},"end":{"line":90,"column":10}},"40":{"start":{"line":88,"column":12},"end":{"line":89,"column":28}},"41":{"start":{"line":88,"column":45},"end":{"line":88,"column":62}},"42":{"start":{"line":89,"column":17},"end":{"line":89,"column":28}},"43":{"start":{"line":91,"column":8},"end":{"line":91,"column":53}},"44":{"start":{"line":92,"column":8},"end":{"line":92,"column":44}},"45":{"start":{"line":96,"column":23},"end":{"line":96,"column":88}},"46":{"start":{"line":96,"column":54},"end":{"line":96,"column":80}},"47":{"start":{"line":97,"column":24},"end":{"line":97,"column":90}},"48":{"start":{"line":97,"column":55},"end":{"line":97,"column":81}},"49":{"start":{"line":98,"column":8},"end":{"line":98,"column":54}},"50":{"start":{"line":99,"column":8},"end":{"line":113,"column":9}},"51":{"start":{"line":101,"column":12},"end":{"line":109,"column":13}},"52":{"start":{"line":102,"column":16},"end":{"line":102,"column":51}},"53":{"start":{"line":103,"column":33},"end":{"line":103,"column":63}},"54":{"start":{"line":104,"column":16},"end":{"line":104,"column":60}},"55":{"start":{"line":107,"column":16},"end":{"line":107,"column":45}},"56":{"start":{"line":108,"column":16},"end":{"line":108,"column":22}},"57":{"start":{"line":110,"column":33},"end":{"line":110,"column":94}},"58":{"start":{"line":110,"column":66},"end":{"line":110,"column":92}},"59":{"start":{"line":111,"column":12},"end":{"line":111,"column":56}},"60":{"start":{"line":112,"column":12},"end":{"line":112,"column":48}},"61":{"start":{"line":117,"column":8},"end":{"line":147,"column":9}},"62":{"start":{"line":118,"column":12},"end":{"line":146,"column":13}},"63":{"start":{"line":148,"column":8},"end":{"line":161,"column":9}},"64":{"start":{"line":157,"column":50},"end":{"line":157,"column":74}},"65":{"start":{"line":158,"column":20},"end":{"line":158,"column":143}}},"fnMap":{"0":{"name":"(anonymous_0)","decl":{"start":{"line":12,"column":4},"end":{"line":12,"column":5}},"loc":{"start":{"line":12,"column":23},"end":{"line":21,"column":5}},"line":12},"1":{"name":"(anonymous_1)","decl":{"start":{"line":23,"column":4},"end":{"line":23,"column":5}},"loc":{"start":{"line":23,"column":24},"end":{"line":36,"column":5}},"line":23},"2":{"name":"(anonymous_2)","decl":{"start":{"line":31,"column":34},"end":{"line":31,"column":35}},"loc":{"start":{"line":31,"column":49},"end":{"line":35,"column":9}},"line":31},"3":{"name":"(anonymous_3)","decl":{"start":{"line":38,"column":29},"end":{"line":38,"column":30}},"loc":{"start":{"line":38,"column":40},"end":{"line":40,"column":5}},"line":38},"4":{"name":"(anonymous_4)","decl":{"start":{"line":42,"column":12},"end":{"line":42,"column":13}},"loc":{"start":{"line":42,"column":29},"end":{"line":64,"column":5}},"line":42},"5":{"name":"(anonymous_5)","decl":{"start":{"line":59,"column":23},"end":{"line":59,"column":24}},"loc":{"start":{"line":59,"column":29},"end":{"line":61,"column":13}},"line":59},"6":{"name":"(anonymous_6)","decl":{"start":{"line":67,"column":13},"end":{"line":67,"column":14}},"loc":{"start":{"line":67,"column":24},"end":{"line":73,"column":5}},"line":67},"7":{"name":"(anonymous_7)","decl":{"start":{"line":75,"column":17},"end":{"line":75,"column":18}},"loc":{"start":{"line":75,"column":39},"end":{"line":80,"column":5}},"line":75},"8":{"name":"(anonymous_8)","decl":{"start":{"line":82,"column":14},"end":{"line":82,"column":15}},"loc":{"start":{"line":82,"column":32},"end":{"line":93,"column":5}},"line":82},"9":{"name":"(anonymous_9)","decl":{"start":{"line":87,"column":50},"end":{"line":87,"column":51}},"loc":{"start":{"line":87,"column":60},"end":{"line":90,"column":9}},"line":87},"10":{"name":"(anonymous_10)","decl":{"start":{"line":95,"column":17},"end":{"line":95,"column":18}},"loc":{"start":{"line":95,"column":35},"end":{"line":114,"column":5}},"line":95},"11":{"name":"(anonymous_11)","decl":{"start":{"line":96,"column":45},"end":{"line":96,"column":46}},"loc":{"start":{"line":96,"column":53},"end":{"line":96,"column":81}},"line":96},"12":{"name":"(anonymous_12)","decl":{"start":{"line":97,"column":46},"end":{"line":97,"column":47}},"loc":{"start":{"line":97,"column":54},"end":{"line":97,"column":82}},"line":97},"13":{"name":"(anonymous_13)","decl":{"start":{"line":110,"column":57},"end":{"line":110,"column":58}},"loc":{"start":{"line":110,"column":65},"end":{"line":110,"column":93}},"line":110},"14":{"name":"(anonymous_14)","decl":{"start":{"line":116,"column":4},"end":{"line":116,"column":5}},"loc":{"start":{"line":116,"column":13},"end":{"line":162,"column":5}},"line":116},"15":{"name":"(anonymous_15)","decl":{"start":{"line":157,"column":39},"end":{"line":157,"column":40}},"loc":{"start":{"line":157,"column":49},"end":{"line":157,"column":75}},"line":157},"16":{"name":"(anonymous_16)","decl":{"start":{"line":157,"column":81},"end":{"line":157,"column":82}},"loc":{"start":{"line":158,"column":20},"end":{"line":158,"column":143}},"line":158}},"branchMap":{"0":{"loc":{"start":{"line":25,"column":8},"end":{"line":30,"column":9}},"type":"if","locations":[{"start":{"line":25,"column":8},"end":{"line":30,"column":9}},{"start":{"line":25,"column":8},"end":{"line":30,"column":9}}],"line":25},"1":{"loc":{"start":{"line":88,"column":12},"end":{"line":89,"column":28}},"type":"if","locations":[{"start":{"line":88,"column":12},"end":{"line":89,"column":28}},{"start":{"line":88,"column":12},"end":{"line":89,"column":28}}],"line":88},"2":{"loc":{"start":{"line":99,"column":8},"end":{"line":113,"column":9}},"type":"if","locations":[{"start":{"line":99,"column":8},"end":{"line":113,"column":9}},{"start":{"line":99,"column":8},"end":{"line":113,"column":9}}],"line":99},"3":{"loc":{"start":{"line":117,"column":8},"end":{"line":147,"column":9}},"type":"if","locations":[{"start":{"line":117,"column":8},"end":{"line":147,"column":9}},{"start":{"line":117,"column":8},"end":{"line":147,"column":9}}],"line":117}},"s":{"0":1,"1":1,"2":1,"3":1,"4":0,"5":0,"6":0,"7":0,"8":1,"9":1,"10":1,"11":1,"12":0,"13":1,"14":1,"15":1,"16":1,"17":1,"18":1,"19":1,"20":1,"21":1,"22":1,"23":0,"24":0,"25":0,"26":0,"27":0,"28":0,"29":0,"30":0,"31":0,"32":0,"33":0,"34":0,"35":0,"36":0,"37":0,"38":0,"39":0,"40":0,"41":0,"42":0,"43":0,"44":0,"45":0,"46":0,"47":0,"48":0,"49":0,"50":0,"51":0,"52":0,"53":0,"54":0,"55":0,"56":0,"57":0,"58":0,"59":0,"60":0,"61":3,"62":2,"63":1,"64":1,"65":2},"f":{"0":1,"1":1,"2":1,"3":0,"4":1,"5":0,"6":0,"7":0,"8":0,"9":0,"10":0,"11":0,"12":0,"13":0,"14":3,"15":1,"16":2},"b":{"0":[0,1],"1":[0,0],"2":[0,0],"3":[2,1]},"_coverageSchema":"332fd63041d2c1bcb487cc26dd0d5f7d97098a6c","hash":"c7b7361a480876f27b9f6e415b9762f5e4bb83c6"}
,"C:\\mooc\\Osa5\\src\\index.js": {"path":"C:\\mooc\\Osa5\\src\\index.js","statementMap":{"0":{"start":{"line":1,"column":32},"end":{"line":1,"column":63}},"1":{"start":{"line":1,"column":77},"end":{"line":1,"column":93}},"2":{"start":{"line":1,"column":108},"end":{"line":1,"column":138}},"3":{"start":{"line":2,"column":16},"end":{"line":2,"column":36}},"4":{"start":{"line":2,"column":54},"end":{"line":2,"column":87}},"5":{"start":{"line":3,"column":11},"end":{"line":3,"column":27}},"6":{"start":{"line":3,"column":40},"end":{"line":3,"column":68}},"7":{"start":{"line":3,"column":107},"end":{"line":3,"column":161}},"8":{"start":{"line":5,"column":0},"end":{"line":5,"column":181}}},"fnMap":{"0":{"name":"_interopRequireDefault","decl":{"start":{"line":3,"column":78},"end":{"line":3,"column":100}},"loc":{"start":{"line":3,"column":106},"end":{"line":3,"column":162}},"line":3}},"branchMap":{"0":{"loc":{"start":{"line":3,"column":114},"end":{"line":3,"column":160}},"type":"cond-expr","locations":[{"start":{"line":3,"column":138},"end":{"line":3,"column":141}},{"start":{"line":3,"column":144},"end":{"line":3,"column":160}}],"line":3},"1":{"loc":{"start":{"line":3,"column":114},"end":{"line":3,"column":135}},"type":"binary-expr","locations":[{"start":{"line":3,"column":114},"end":{"line":3,"column":117}},{"start":{"line":3,"column":121},"end":{"line":3,"column":135}}],"line":3}},"s":{"0":0,"1":0,"2":0,"3":0,"4":0,"5":0,"6":0,"7":0,"8":0},"f":{"0":0},"b":{"0":[0,0],"1":[0,0]}}
,"C:\\mooc\\Osa5\\src\\setupTests.js": {"path":"C:\\mooc\\Osa5\\src\\setupTests.js","statementMap":{"0":{"start":{"line":4,"column":17},"end":{"line":4,"column":19}},"1":{"start":{"line":6,"column":25},"end":{"line":12,"column":1}},"2":{"start":{"line":8,"column":8},"end":{"line":8,"column":30}},"3":{"start":{"line":10,"column":22},"end":{"line":10,"column":37}},"4":{"start":{"line":14,"column":0},"end":{"line":14,"column":38}},"5":{"start":{"line":16,"column":0},"end":{"line":16,"column":37}}},"fnMap":{"0":{"name":"(anonymous_0)","decl":{"start":{"line":7,"column":13},"end":{"line":7,"column":14}},"loc":{"start":{"line":7,"column":28},"end":{"line":9,"column":5}},"line":7},"1":{"name":"(anonymous_1)","decl":{"start":{"line":10,"column":13},"end":{"line":10,"column":14}},"loc":{"start":{"line":10,"column":22},"end":{"line":10,"column":37}},"line":10}},"branchMap":{},"s":{"0":3,"1":3,"2":1,"3":2,"4":3,"5":3},"f":{"0":1,"1":2},"b":{},"_coverageSchema":"332fd63041d2c1bcb487cc26dd0d5f7d97098a6c","hash":"8efacc716138628612b8b15a4200f96419596508"}
,"C:\\mooc\\Osa5\\src\\components\\Blog.js": {"path":"C:\\mooc\\Osa5\\src\\components\\Blog.js","statementMap":{"0":{"start":{"line":9,"column":8},"end":{"line":9,"column":20}},"1":{"start":{"line":10,"column":8},"end":{"line":12,"column":9}},"2":{"start":{"line":16,"column":8},"end":{"line":20,"column":9}},"3":{"start":{"line":17,"column":12},"end":{"line":17,"column":63}},"4":{"start":{"line":18,"column":12},"end":{"line":18,"column":35}},"5":{"start":{"line":19,"column":12},"end":{"line":19,"column":36}},"6":{"start":{"line":25,"column":8},"end":{"line":28,"column":44}},"7":{"start":{"line":26,"column":12},"end":{"line":26,"column":22}},"8":{"start":{"line":28,"column":12},"end":{"line":28,"column":44}},"9":{"start":{"line":32,"column":8},"end":{"line":32,"column":53}},"10":{"start":{"line":42,"column":32},"end":{"line":42,"column":77}},"11":{"start":{"line":43,"column":31},"end":{"line":45,"column":9}},"12":{"start":{"line":47,"column":8},"end":{"line":64,"column":9}},"13":{"start":{"line":55,"column":104},"end":{"line":55,"column":137}},"14":{"start":{"line":59,"column":51},"end":{"line":59,"column":87}},"15":{"start":{"line":68,"column":0},"end":{"line":74,"column":1}}},"fnMap":{"0":{"name":"(anonymous_0)","decl":{"start":{"line":8,"column":4},"end":{"line":8,"column":5}},"loc":{"start":{"line":8,"column":24},"end":{"line":13,"column":5}},"line":8},"1":{"name":"(anonymous_1)","decl":{"start":{"line":15,"column":17},"end":{"line":15,"column":18}},"loc":{"start":{"line":15,"column":27},"end":{"line":22,"column":5}},"line":15},"2":{"name":"(anonymous_2)","decl":{"start":{"line":16,"column":15},"end":{"line":16,"column":16}},"loc":{"start":{"line":16,"column":21},"end":{"line":20,"column":9}},"line":16},"3":{"name":"(anonymous_3)","decl":{"start":{"line":24,"column":11},"end":{"line":24,"column":12}},"loc":{"start":{"line":24,"column":17},"end":{"line":29,"column":5}},"line":24},"4":{"name":"(anonymous_4)","decl":{"start":{"line":31,"column":23},"end":{"line":31,"column":24}},"loc":{"start":{"line":31,"column":29},"end":{"line":33,"column":5}},"line":31},"5":{"name":"(anonymous_5)","decl":{"start":{"line":41,"column":4},"end":{"line":41,"column":5}},"loc":{"start":{"line":41,"column":14},"end":{"line":65,"column":5}},"line":41},"6":{"name":"(anonymous_6)","decl":{"start":{"line":55,"column":98},"end":{"line":55,"column":99}},"loc":{"start":{"line":55,"column":104},"end":{"line":55,"column":137}},"line":55},"7":{"name":"(anonymous_7)","decl":{"start":{"line":59,"column":45},"end":{"line":59,"column":46}},"loc":{"start":{"line":59,"column":51},"end":{"line":59,"column":87}},"line":59}},"branchMap":{"0":{"loc":{"start":{"line":25,"column":8},"end":{"line":28,"column":44}},"type":"if","locations":[{"start":{"line":25,"column":8},"end":{"line":28,"column":44}},{"start":{"line":25,"column":8},"end":{"line":28,"column":44}}],"line":25},"1":{"loc":{"start":{"line":42,"column":43},"end":{"line":42,"column":75}},"type":"cond-expr","locations":[{"start":{"line":42,"column":64},"end":{"line":42,"column":66}},{"start":{"line":42,"column":69},"end":{"line":42,"column":75}}],"line":42},"2":{"loc":{"start":{"line":58,"column":29},"end":{"line":59,"column":111}},"type":"cond-expr","locations":[{"start":{"line":59,"column":28},"end":{"line":59,"column":104}},{"start":{"line":59,"column":107},"end":{"line":59,"column":111}}],"line":58},"3":{"loc":{"start":{"line":58,"column":30},"end":{"line":58,"column":126}},"type":"binary-expr","locations":[{"start":{"line":58,"column":30},"end":{"line":58,"column":64}},{"start":{"line":58,"column":68},"end":{"line":58,"column":126}}],"line":58}},"s":{"0":4,"1":4,"2":5,"3":1,"4":1,"5":1,"6":6,"7":0,"8":6,"9":1,"10":5,"11":5,"12":5,"13":0,"14":0,"15":2},"f":{"0":4,"1":5,"2":1,"3":6,"4":1,"5":5,"6":0,"7":0},"b":{"0":[0,6],"1":[1,4],"2":[4,1],"3":[5,5]},"_coverageSchema":"332fd63041d2c1bcb487cc26dd0d5f7d97098a6c","hash":"b411db287e1aaf02db5480411953d47d478d573a"}
,"C:\\mooc\\Osa5\\src\\components\\BlogForm.js": {"path":"C:\\mooc\\Osa5\\src\\components\\BlogForm.js","statementMap":{"0":{"start":{"line":7,"column":8},"end":{"line":7,"column":20}},"1":{"start":{"line":8,"column":8},"end":{"line":13,"column":9}},"2":{"start":{"line":17,"column":8},"end":{"line":17,"column":30}},"3":{"start":{"line":18,"column":27},"end":{"line":22,"column":9}},"4":{"start":{"line":23,"column":8},"end":{"line":23,"column":41}},"5":{"start":{"line":24,"column":25},"end":{"line":24,"column":101}},"6":{"start":{"line":25,"column":8},"end":{"line":25,"column":71}},"7":{"start":{"line":26,"column":8},"end":{"line":28,"column":16}},"8":{"start":{"line":27,"column":12},"end":{"line":27,"column":41}},"9":{"start":{"line":32,"column":8},"end":{"line":32,"column":65}},"10":{"start":{"line":36,"column":8},"end":{"line":73,"column":9}},"11":{"start":{"line":77,"column":0},"end":{"line":79,"column":1}}},"fnMap":{"0":{"name":"(anonymous_0)","decl":{"start":{"line":6,"column":4},"end":{"line":6,"column":5}},"loc":{"start":{"line":6,"column":23},"end":{"line":14,"column":5}},"line":6},"1":{"name":"(anonymous_1)","decl":{"start":{"line":16,"column":17},"end":{"line":16,"column":18}},"loc":{"start":{"line":16,"column":28},"end":{"line":29,"column":5}},"line":16},"2":{"name":"(anonymous_2)","decl":{"start":{"line":26,"column":19},"end":{"line":26,"column":20}},"loc":{"start":{"line":26,"column":25},"end":{"line":28,"column":9}},"line":26},"3":{"name":"(anonymous_3)","decl":{"start":{"line":31,"column":27},"end":{"line":31,"column":28}},"loc":{"start":{"line":31,"column":38},"end":{"line":33,"column":5}},"line":31},"4":{"name":"(anonymous_4)","decl":{"start":{"line":35,"column":4},"end":{"line":35,"column":5}},"loc":{"start":{"line":35,"column":14},"end":{"line":74,"column":5}},"line":35}},"branchMap":{},"s":{"0":1,"1":1,"2":0,"3":0,"4":0,"5":0,"6":0,"7":0,"8":0,"9":0,"10":1,"11":1},"f":{"0":1,"1":0,"2":0,"3":0,"4":1},"b":{},"_coverageSchema":"332fd63041d2c1bcb487cc26dd0d5f7d97098a6c","hash":"a024783eaf784e1a50f6dbbed2dddf91b11086cc"}
,"C:\\mooc\\Osa5\\src\\components\\Notification.js": {"path":"C:\\mooc\\Osa5\\src\\components\\Notification.js","statementMap":{"0":{"start":{"line":3,"column":21},"end":{"line":12,"column":1}},"1":{"start":{"line":4,"column":4},"end":{"line":6,"column":5}},"2":{"start":{"line":5,"column":8},"end":{"line":5,"column":19}},"3":{"start":{"line":7,"column":4},"end":{"line":11,"column":5}}},"fnMap":{"0":{"name":"(anonymous_0)","decl":{"start":{"line":3,"column":21},"end":{"line":3,"column":22}},"loc":{"start":{"line":3,"column":50},"end":{"line":12,"column":1}},"line":3}},"branchMap":{"0":{"loc":{"start":{"line":4,"column":4},"end":{"line":6,"column":5}},"type":"if","locations":[{"start":{"line":4,"column":4},"end":{"line":6,"column":5}},{"start":{"line":4,"column":4},"end":{"line":6,"column":5}}],"line":4}},"s":{"0":1,"1":3,"2":3,"3":0},"f":{"0":3},"b":{"0":[3,0]},"_coverageSchema":"332fd63041d2c1bcb487cc26dd0d5f7d97098a6c","hash":"95d657ccb0e463fbf8649b0bece4856a6d6868de"}
,"C:\\mooc\\Osa5\\src\\components\\SimpleBlog.js": {"path":"C:\\mooc\\Osa5\\src\\components\\SimpleBlog.js","statementMap":{"0":{"start":{"line":3,"column":19},"end":{"line":13,"column":1}},"1":{"start":{"line":4,"column":4},"end":{"line":12,"column":10}}},"fnMap":{"0":{"name":"(anonymous_0)","decl":{"start":{"line":3,"column":19},"end":{"line":3,"column":20}},"loc":{"start":{"line":4,"column":4},"end":{"line":12,"column":10}},"line":4}},"branchMap":{},"s":{"0":1,"1":2},"f":{"0":2},"b":{},"_coverageSchema":"332fd63041d2c1bcb487cc26dd0d5f7d97098a6c","hash":"6adf71c0dfa171dac070a4d371e8ff65d617f316"}
,"C:\\mooc\\Osa5\\src\\components\\Togglable.js": {"path":"C:\\mooc\\Osa5\\src\\components\\Togglable.js","statementMap":{"0":{"start":{"line":6,"column":8},"end":{"line":6,"column":20}},"1":{"start":{"line":7,"column":8},"end":{"line":9,"column":9}},"2":{"start":{"line":13,"column":8},"end":{"line":13,"column":53}},"3":{"start":{"line":17,"column":32},"end":{"line":17,"column":76}},"4":{"start":{"line":18,"column":32},"end":{"line":18,"column":77}},"5":{"start":{"line":20,"column":8},"end":{"line":30,"column":9}},"6":{"start":{"line":35,"column":0},"end":{"line":37,"column":1}}},"fnMap":{"0":{"name":"(anonymous_0)","decl":{"start":{"line":5,"column":4},"end":{"line":5,"column":5}},"loc":{"start":{"line":5,"column":24},"end":{"line":10,"column":5}},"line":5},"1":{"name":"(anonymous_1)","decl":{"start":{"line":12,"column":23},"end":{"line":12,"column":24}},"loc":{"start":{"line":12,"column":29},"end":{"line":14,"column":5}},"line":12},"2":{"name":"(anonymous_2)","decl":{"start":{"line":16,"column":4},"end":{"line":16,"column":5}},"loc":{"start":{"line":16,"column":13},"end":{"line":31,"column":5}},"line":16}},"branchMap":{"0":{"loc":{"start":{"line":17,"column":43},"end":{"line":17,"column":75}},"type":"cond-expr","locations":[{"start":{"line":17,"column":64},"end":{"line":17,"column":70}},{"start":{"line":17,"column":73},"end":{"line":17,"column":75}}],"line":17},"1":{"loc":{"start":{"line":18,"column":43},"end":{"line":18,"column":75}},"type":"cond-expr","locations":[{"start":{"line":18,"column":64},"end":{"line":18,"column":66}},{"start":{"line":18,"column":69},"end":{"line":18,"column":75}}],"line":18}},"s":{"0":1,"1":1,"2":0,"3":1,"4":1,"5":1,"6":1},"f":{"0":1,"1":0,"2":1},"b":{"0":[0,1],"1":[0,1]},"_coverageSchema":"332fd63041d2c1bcb487cc26dd0d5f7d97098a6c","hash":"e57a6a2181ee13b9d43deca78156cdeb805b483f"}
,"C:\\mooc\\Osa5\\src\\services\\blogs.js": {"path":"C:\\mooc\\Osa5\\src\\services\\blogs.js","statementMap":{"0":{"start":{"line":2,"column":16},"end":{"line":2,"column":28}},"1":{"start":{"line":4,"column":12},"end":{"line":4,"column":16}},"2":{"start":{"line":6,"column":15},"end":{"line":9,"column":1}},"3":{"start":{"line":7,"column":20},"end":{"line":7,"column":38}},"4":{"start":{"line":8,"column":4},"end":{"line":8,"column":50}},"5":{"start":{"line":8,"column":36},"end":{"line":8,"column":49}},"6":{"start":{"line":11,"column":17},"end":{"line":13,"column":1}},"7":{"start":{"line":12,"column":4},"end":{"line":12,"column":32}},"8":{"start":{"line":15,"column":18},"end":{"line":21,"column":1}},"9":{"start":{"line":16,"column":19},"end":{"line":18,"column":5}},"10":{"start":{"line":19,"column":20},"end":{"line":19,"column":59}},"11":{"start":{"line":20,"column":4},"end":{"line":20,"column":50}},"12":{"start":{"line":20,"column":36},"end":{"line":20,"column":49}},"13":{"start":{"line":23,"column":16},"end":{"line":38,"column":1}},"14":{"start":{"line":24,"column":17},"end":{"line":24,"column":93}},"15":{"start":{"line":24,"column":75},"end":{"line":24,"column":88}},"16":{"start":{"line":25,"column":4},"end":{"line":25,"column":39}},"17":{"start":{"line":26,"column":22},"end":{"line":32,"column":5}},"18":{"start":{"line":33,"column":19},"end":{"line":35,"column":5}},"19":{"start":{"line":36,"column":20},"end":{"line":36,"column":72}},"20":{"start":{"line":37,"column":4},"end":{"line":37,"column":50}},"21":{"start":{"line":37,"column":36},"end":{"line":37,"column":49}},"22":{"start":{"line":40,"column":19},"end":{"line":46,"column":1}},"23":{"start":{"line":41,"column":19},"end":{"line":43,"column":5}},"24":{"start":{"line":44,"column":20},"end":{"line":44,"column":64}},"25":{"start":{"line":45,"column":4},"end":{"line":45,"column":50}},"26":{"start":{"line":45,"column":36},"end":{"line":45,"column":49}}},"fnMap":{"0":{"name":"(anonymous_0)","decl":{"start":{"line":6,"column":15},"end":{"line":6,"column":16}},"loc":{"start":{"line":6,"column":21},"end":{"line":9,"column":1}},"line":6},"1":{"name":"(anonymous_1)","decl":{"start":{"line":8,"column":24},"end":{"line":8,"column":25}},"loc":{"start":{"line":8,"column":36},"end":{"line":8,"column":49}},"line":8},"2":{"name":"(anonymous_2)","decl":{"start":{"line":11,"column":17},"end":{"line":11,"column":18}},"loc":{"start":{"line":11,"column":31},"end":{"line":13,"column":1}},"line":11},"3":{"name":"(anonymous_3)","decl":{"start":{"line":15,"column":18},"end":{"line":15,"column":19}},"loc":{"start":{"line":15,"column":34},"end":{"line":21,"column":1}},"line":15},"4":{"name":"(anonymous_4)","decl":{"start":{"line":20,"column":24},"end":{"line":20,"column":25}},"loc":{"start":{"line":20,"column":36},"end":{"line":20,"column":49}},"line":20},"5":{"name":"(anonymous_5)","decl":{"start":{"line":23,"column":16},"end":{"line":23,"column":17}},"loc":{"start":{"line":23,"column":34},"end":{"line":38,"column":1}},"line":23},"6":{"name":"(anonymous_6)","decl":{"start":{"line":24,"column":63},"end":{"line":24,"column":64}},"loc":{"start":{"line":24,"column":75},"end":{"line":24,"column":88}},"line":24},"7":{"name":"(anonymous_7)","decl":{"start":{"line":37,"column":24},"end":{"line":37,"column":25}},"loc":{"start":{"line":37,"column":36},"end":{"line":37,"column":49}},"line":37},"8":{"name":"(anonymous_8)","decl":{"start":{"line":40,"column":19},"end":{"line":40,"column":20}},"loc":{"start":{"line":40,"column":31},"end":{"line":46,"column":1}},"line":40},"9":{"name":"(anonymous_9)","decl":{"start":{"line":45,"column":24},"end":{"line":45,"column":25}},"loc":{"start":{"line":45,"column":36},"end":{"line":45,"column":49}},"line":45}},"branchMap":{},"s":{"0":1,"1":1,"2":1,"3":0,"4":0,"5":0,"6":1,"7":0,"8":1,"9":0,"10":0,"11":0,"12":0,"13":1,"14":0,"15":0,"16":0,"17":0,"18":0,"19":0,"20":0,"21":0,"22":1,"23":0,"24":0,"25":0,"26":0},"f":{"0":0,"1":0,"2":0,"3":0,"4":0,"5":0,"6":0,"7":0,"8":0,"9":0},"b":{},"_coverageSchema":"332fd63041d2c1bcb487cc26dd0d5f7d97098a6c","hash":"f34f5360357f709dcff6f50ebe236c72398c2b4a"}
,"C:\\mooc\\Osa5\\src\\services\\login.js": {"path":"C:\\mooc\\Osa5\\src\\services\\login.js","statementMap":{"0":{"start":{"line":1,"column":13},"end":{"line":1,"column":75}},"1":{"start":{"line":1,"column":88},"end":{"line":1,"column":104}},"2":{"start":{"line":1,"column":119},"end":{"line":1,"column":149}},"3":{"start":{"line":1,"column":188},"end":{"line":1,"column":242}},"4":{"start":{"line":2,"column":16},"end":{"line":2,"column":27}},"5":{"start":{"line":4,"column":14},"end":{"line":7,"column":1}},"6":{"start":{"line":5,"column":21},"end":{"line":5,"column":69}},"7":{"start":{"line":6,"column":4},"end":{"line":6,"column":25}},"8":{"start":{"line":7,"column":2},"end":{"line":9,"column":10}}},"fnMap":{"0":{"name":"_interopRequireDefault","decl":{"start":{"line":1,"column":159},"end":{"line":1,"column":181}},"loc":{"start":{"line":1,"column":187},"end":{"line":1,"column":243}},"line":1},"1":{"name":"(anonymous_1)","decl":{"start":{"line":4,"column":14},"end":{"line":4,"column":15}},"loc":{"start":{"line":4,"column":35},"end":{"line":7,"column":1}},"line":4}},"branchMap":{"0":{"loc":{"start":{"line":1,"column":195},"end":{"line":1,"column":241}},"type":"cond-expr","locations":[{"start":{"line":1,"column":219},"end":{"line":1,"column":222}},{"start":{"line":1,"column":225},"end":{"line":1,"column":241}}],"line":1},"1":{"loc":{"start":{"line":1,"column":195},"end":{"line":1,"column":216}},"type":"binary-expr","locations":[{"start":{"line":1,"column":195},"end":{"line":1,"column":198}},{"start":{"line":1,"column":202},"end":{"line":1,"column":216}}],"line":1}},"s":{"0":0,"1":0,"2":0,"3":0,"4":0,"5":0,"6":0,"7":0,"8":0},"f":{"0":0,"1":0},"b":{"0":[0,0],"1":[0,0]}}
}
