TN:
SF:C:\mooc\Osa5\src\App.js
FN:12,(anonymous_0)
FN:23,(anonymous_1)
FN:31,(anonymous_2)
FN:38,(anonymous_3)
FN:42,(anonymous_4)
FN:59,(anonymous_5)
FN:67,(anonymous_6)
FN:75,(anonymous_7)
FN:82,(anonymous_8)
FN:87,(anonymous_9)
FN:95,(anonymous_10)
FN:96,(anonymous_11)
FN:97,(anonymous_12)
FN:110,(anonymous_13)
FN:116,(anonymous_14)
FN:157,(anonymous_15)
FN:157,(anonymous_16)
FNF:17
FNH:7
FNDA:1,(anonymous_0)
FNDA:1,(anonymous_1)
FNDA:1,(anonymous_2)
FNDA:0,(anonymous_3)
FNDA:1,(anonymous_4)
FNDA:0,(anonymous_5)
FNDA:0,(anonymous_6)
FNDA:0,(anonymous_7)
FNDA:0,(anonymous_8)
FNDA:0,(anonymous_9)
FNDA:0,(anonymous_10)
FNDA:0,(anonymous_11)
FNDA:0,(anonymous_12)
FNDA:0,(anonymous_13)
FNDA:3,(anonymous_14)
FNDA:1,(anonymous_15)
FNDA:2,(anonymous_16)
DA:13,1
DA:14,1
DA:24,1
DA:25,1
DA:26,0
DA:27,0
DA:28,0
DA:29,0
DA:31,1
DA:32,1
DA:33,1
DA:34,1
DA:39,0
DA:43,1
DA:44,1
DA:45,1
DA:46,1
DA:50,1
DA:51,1
DA:52,1
DA:53,1
DA:54,1
DA:55,1
DA:57,0
DA:58,0
DA:59,0
DA:60,0
DA:68,0
DA:69,0
DA:70,0
DA:71,0
DA:76,0
DA:77,0
DA:78,0
DA:79,0
DA:83,0
DA:84,0
DA:85,0
DA:86,0
DA:87,0
DA:88,0
DA:89,0
DA:91,0
DA:92,0
DA:96,0
DA:97,0
DA:98,0
DA:99,0
DA:101,0
DA:102,0
DA:103,0
DA:104,0
DA:107,0
DA:108,0
DA:110,0
DA:111,0
DA:112,0
DA:117,3
DA:118,2
DA:148,1
DA:157,1
DA:158,2
LF:62
LH:23
BRDA:25,0,0,0
BRDA:25,0,1,1
BRDA:88,1,0,0
BRDA:88,1,1,0
BRDA:99,2,0,0
BRDA:99,2,1,0
BRDA:117,3,0,2
BRDA:117,3,1,1
BRF:8
BRH:3
end_of_record
TN:
SF:C:\mooc\Osa5\src\index.js
FN:3,_interopRequireDefault
FNF:1
FNH:0
FNDA:0,_interopRequireDefault
DA:1,0
DA:2,0
DA:3,0
DA:5,0
LF:4
LH:0
BRDA:3,0,0,0
BRDA:3,0,1,0
BRDA:3,1,0,0
BRDA:3,1,1,0
BRF:4
BRH:0
end_of_record
TN:
SF:C:\mooc\Osa5\src\setupTests.js
FN:7,(anonymous_0)
FN:10,(anonymous_1)
FNF:2
FNH:2
FNDA:1,(anonymous_0)
FNDA:2,(anonymous_1)
DA:4,3
DA:6,3
DA:8,1
DA:10,2
DA:14,3
DA:16,3
LF:6
LH:6
BRF:0
BRH:0
end_of_record
TN:
SF:C:\mooc\Osa5\src\components\Blog.js
FN:8,(anonymous_0)
FN:15,(anonymous_1)
FN:16,(anonymous_2)
FN:24,(anonymous_3)
FN:31,(anonymous_4)
FN:41,(anonymous_5)
FN:55,(anonymous_6)
FN:59,(anonymous_7)
FNF:8
FNH:6
FNDA:4,(anonymous_0)
FNDA:5,(anonymous_1)
FNDA:1,(anonymous_2)
FNDA:6,(anonymous_3)
FNDA:1,(anonymous_4)
FNDA:5,(anonymous_5)
FNDA:0,(anonymous_6)
FNDA:0,(anonymous_7)
DA:9,4
DA:10,4
DA:16,5
DA:17,1
DA:18,1
DA:19,1
DA:25,6
DA:26,0
DA:28,6
DA:32,1
DA:42,5
DA:43,5
DA:47,5
DA:55,0
DA:59,0
DA:68,2
LF:16
LH:13
BRDA:25,0,0,0
BRDA:25,0,1,6
BRDA:42,1,0,1
BRDA:42,1,1,4
BRDA:58,2,0,4
BRDA:58,2,1,1
BRDA:58,3,0,5
BRDA:58,3,1,5
BRF:8
BRH:7
end_of_record
TN:
SF:C:\mooc\Osa5\src\components\BlogForm.js
FN:6,(anonymous_0)
FN:16,(anonymous_1)
FN:26,(anonymous_2)
FN:31,(anonymous_3)
FN:35,(anonymous_4)
FNF:5
FNH:2
FNDA:1,(anonymous_0)
FNDA:0,(anonymous_1)
FNDA:0,(anonymous_2)
FNDA:0,(anonymous_3)
FNDA:1,(anonymous_4)
DA:7,1
DA:8,1
DA:17,0
DA:18,0
DA:23,0
DA:24,0
DA:25,0
DA:26,0
DA:27,0
DA:32,0
DA:36,1
DA:77,1
LF:12
LH:4
BRF:0
BRH:0
end_of_record
TN:
SF:C:\mooc\Osa5\src\components\Notification.js
FN:3,(anonymous_0)
FNF:1
FNH:1
FNDA:3,(anonymous_0)
DA:3,1
DA:4,3
DA:5,3
DA:7,0
LF:4
LH:3
BRDA:4,0,0,3
BRDA:4,0,1,0
BRF:2
BRH:1
end_of_record
TN:
SF:C:\mooc\Osa5\src\components\SimpleBlog.js
FN:3,(anonymous_0)
FNF:1
FNH:1
FNDA:2,(anonymous_0)
DA:3,1
DA:4,2
LF:2
LH:2
BRF:0
BRH:0
end_of_record
TN:
SF:C:\mooc\Osa5\src\components\Togglable.js
FN:5,(anonymous_0)
FN:12,(anonymous_1)
FN:16,(anonymous_2)
FNF:3
FNH:2
FNDA:1,(anonymous_0)
FNDA:0,(anonymous_1)
FNDA:1,(anonymous_2)
DA:6,1
DA:7,1
DA:13,0
DA:17,1
DA:18,1
DA:20,1
DA:35,1
LF:7
LH:6
BRDA:17,0,0,0
BRDA:17,0,1,1
BRDA:18,1,0,0
BRDA:18,1,1,1
BRF:4
BRH:2
end_of_record
TN:
SF:C:\mooc\Osa5\src\services\blogs.js
FN:6,(anonymous_0)
FN:8,(anonymous_1)
FN:11,(anonymous_2)
FN:15,(anonymous_3)
FN:20,(anonymous_4)
FN:23,(anonymous_5)
FN:24,(anonymous_6)
FN:37,(anonymous_7)
FN:40,(anonymous_8)
FN:45,(anonymous_9)
FNF:10
FNH:0
FNDA:0,(anonymous_0)
FNDA:0,(anonymous_1)
FNDA:0,(anonymous_2)
FNDA:0,(anonymous_3)
FNDA:0,(anonymous_4)
FNDA:0,(anonymous_5)
FNDA:0,(anonymous_6)
FNDA:0,(anonymous_7)
FNDA:0,(anonymous_8)
FNDA:0,(anonymous_9)
DA:2,1
DA:4,1
DA:6,1
DA:7,0
DA:8,0
DA:11,1
DA:12,0
DA:15,1
DA:16,0
DA:19,0
DA:20,0
DA:23,1
DA:24,0
DA:25,0
DA:26,0
DA:33,0
DA:36,0
DA:37,0
DA:40,1
DA:41,0
DA:44,0
DA:45,0
LF:22
LH:7
BRF:0
BRH:0
end_of_record
TN:
SF:C:\mooc\Osa5\src\services\login.js
FN:1,_interopRequireDefault
FN:4,(anonymous_1)
FNF:2
FNH:0
FNDA:0,_interopRequireDefault
FNDA:0,(anonymous_1)
DA:1,0
DA:2,0
DA:4,0
DA:5,0
DA:6,0
DA:7,0
LF:6
LH:0
BRDA:1,0,0,0
BRDA:1,0,1,0
BRDA:1,1,0,0
BRDA:1,1,1,0
BRF:4
BRH:0
end_of_record
